{
  "RSpec": {
    "coverage": {
      "/home/liver/www/ruby_test/ruby-interview-time-logger/web/app/helpers/application_helper.rb": {
        "lines": [
          1,
          null
        ]
      },
      "/home/liver/www/ruby_test/ruby-interview-time-logger/web/app/controllers/time_logs_controller.rb": {
        "lines": [
          1,
          1,
          null,
          1,
          0,
          null,
          0,
          null,
          null,
          1,
          null,
          1,
          null,
          1,
          1,
          null,
          1,
          null,
          1,
          null,
          null,
          1,
          0,
          null,
          0,
          null,
          null,
          1,
          null,
          1,
          null,
          1,
          null,
          1,
          1,
          null,
          null,
          1,
          1,
          null,
          null,
          null,
          1,
          0,
          null,
          null
        ]
      },
      "/home/liver/www/ruby_test/ruby-interview-time-logger/web/app/controllers/application_controller.rb": {
        "lines": [
          1,
          null
        ]
      }
    },
    "timestamp": 1679669783
  }
}
